1718336493.802158 client started (38570): version 3.4, socket /tmp/tmux-1000/default, protocol 8
1718336493.802204 on Linux 6.8.0-35-generic #35-Ubuntu SMP PREEMPT_DYNAMIC Mon May 20 15:51:52 UTC 2024
1718336493.802215 using libevent 2.1.12-stable poll
1718336493.802224 using ncurses 6.4 20240113
1718336493.802256 flags are 0x10010000
1718336493.802282 socket is /tmp/tmux-1000/default
1718336493.802318 trying connect
1718336493.802417 add peer 0x587ca6ba3c30: 6 ((nil))
1718336493.802882 sending message 100 to peer 0x587ca6ba3c30 (4 bytes)
1718336493.802905 sending message 111 to peer 0x587ca6ba3c30 (8 bytes)
1718336493.802917 sending message 101 to peer 0x587ca6ba3c30 (14 bytes)
1718336493.802926 sending message 109 to peer 0x587ca6ba3c30 (4 bytes)
1718336493.802935 sending message 102 to peer 0x587ca6ba3c30 (11 bytes)
1718336493.802945 sending message 108 to peer 0x587ca6ba3c30 (37 bytes)
1718336493.802956 sending message 112 to peer 0x587ca6ba3c30 (70 bytes)
1718336493.802965 sending message 112 to peer 0x587ca6ba3c30 (5 bytes)
1718336493.802975 sending message 112 to peer 0x587ca6ba3c30 (5 bytes)
1718336493.802985 sending message 112 to peer 0x587ca6ba3c30 (6 bytes)
1718336493.802995 sending message 112 to peer 0x587ca6ba3c30 (6 bytes)
1718336493.803006 sending message 112 to peer 0x587ca6ba3c30 (11 bytes)
1718336493.803015 sending message 112 to peer 0x587ca6ba3c30 (10 bytes)
1718336493.803025 sending message 112 to peer 0x587ca6ba3c30 (13 bytes)
1718336493.803035 sending message 112 to peer 0x587ca6ba3c30 (13 bytes)
1718336493.803045 sending message 112 to peer 0x587ca6ba3c30 (18 bytes)
1718336493.803056 sending message 112 to peer 0x587ca6ba3c30 (11 bytes)
1718336493.803066 sending message 112 to peer 0x587ca6ba3c30 (10 bytes)
1718336493.803074 sending message 112 to peer 0x587ca6ba3c30 (15 bytes)
1718336493.803081 sending message 112 to peer 0x587ca6ba3c30 (21 bytes)
1718336493.803088 sending message 112 to peer 0x587ca6ba3c30 (13 bytes)
1718336493.803095 sending message 112 to peer 0x587ca6ba3c30 (7 bytes)
1718336493.803102 sending message 112 to peer 0x587ca6ba3c30 (13 bytes)
1718336493.803109 sending message 112 to peer 0x587ca6ba3c30 (7 bytes)
1718336493.803116 sending message 112 to peer 0x587ca6ba3c30 (13 bytes)
1718336493.803123 sending message 112 to peer 0x587ca6ba3c30 (9 bytes)
1718336493.803130 sending message 112 to peer 0x587ca6ba3c30 (21 bytes)
1718336493.803136 sending message 112 to peer 0x587ca6ba3c30 (13 bytes)
1718336493.803143 sending message 112 to peer 0x587ca6ba3c30 (8 bytes)
1718336493.803150 sending message 112 to peer 0x587ca6ba3c30 (12 bytes)
1718336493.803157 sending message 112 to peer 0x587ca6ba3c30 (13 bytes)
1718336493.803164 sending message 112 to peer 0x587ca6ba3c30 (9 bytes)
1718336493.803170 sending message 112 to peer 0x587ca6ba3c30 (9 bytes)
1718336493.803177 sending message 112 to peer 0x587ca6ba3c30 (12 bytes)
1718336493.803184 sending message 112 to peer 0x587ca6ba3c30 (8 bytes)
1718336493.803191 sending message 112 to peer 0x587ca6ba3c30 (8 bytes)
1718336493.803198 sending message 112 to peer 0x587ca6ba3c30 (7 bytes)
1718336493.803204 sending message 112 to peer 0x587ca6ba3c30 (7 bytes)
1718336493.803211 sending message 112 to peer 0x587ca6ba3c30 (9 bytes)
1718336493.803218 sending message 112 to peer 0x587ca6ba3c30 (13 bytes)
1718336493.803225 sending message 112 to peer 0x587ca6ba3c30 (6 bytes)
1718336493.803232 sending message 112 to peer 0x587ca6ba3c30 (9 bytes)
1718336493.803239 sending message 112 to peer 0x587ca6ba3c30 (15 bytes)
1718336493.803246 sending message 112 to peer 0x587ca6ba3c30 (13 bytes)
1718336493.803253 sending message 112 to peer 0x587ca6ba3c30 (12 bytes)
1718336493.803260 sending message 112 to peer 0x587ca6ba3c30 (8 bytes)
1718336493.803267 sending message 112 to peer 0x587ca6ba3c30 (14 bytes)
1718336493.803274 sending message 112 to peer 0x587ca6ba3c30 (11 bytes)
1718336493.803281 sending message 112 to peer 0x587ca6ba3c30 (9 bytes)
1718336493.803288 sending message 112 to peer 0x587ca6ba3c30 (10 bytes)
1718336493.803294 sending message 112 to peer 0x587ca6ba3c30 (10 bytes)
1718336493.803318 sending message 112 to peer 0x587ca6ba3c30 (10 bytes)
1718336493.803326 sending message 112 to peer 0x587ca6ba3c30 (10 bytes)
1718336493.803333 sending message 112 to peer 0x587ca6ba3c30 (11 bytes)
1718336493.803339 sending message 112 to peer 0x587ca6ba3c30 (12 bytes)
1718336493.803346 sending message 112 to peer 0x587ca6ba3c30 (12 bytes)
1718336493.803354 sending message 112 to peer 0x587ca6ba3c30 (12 bytes)
1718336493.803360 sending message 112 to peer 0x587ca6ba3c30 (12 bytes)
1718336493.803368 sending message 112 to peer 0x587ca6ba3c30 (12 bytes)
1718336493.803375 sending message 112 to peer 0x587ca6ba3c30 (11 bytes)
1718336493.803382 sending message 112 to peer 0x587ca6ba3c30 (11 bytes)
1718336493.803388 sending message 112 to peer 0x587ca6ba3c30 (12 bytes)
1718336493.803396 sending message 112 to peer 0x587ca6ba3c30 (12 bytes)
1718336493.803402 sending message 112 to peer 0x587ca6ba3c30 (12 bytes)
1718336493.803409 sending message 112 to peer 0x587ca6ba3c30 (12 bytes)
1718336493.803416 sending message 112 to peer 0x587ca6ba3c30 (12 bytes)
1718336493.803423 sending message 112 to peer 0x587ca6ba3c30 (10 bytes)
1718336493.803430 sending message 112 to peer 0x587ca6ba3c30 (12 bytes)
1718336493.803437 sending message 112 to peer 0x587ca6ba3c30 (13 bytes)
1718336493.803444 sending message 112 to peer 0x587ca6ba3c30 (13 bytes)
1718336493.803451 sending message 112 to peer 0x587ca6ba3c30 (13 bytes)
1718336493.803458 sending message 112 to peer 0x587ca6ba3c30 (13 bytes)
1718336493.803465 sending message 112 to peer 0x587ca6ba3c30 (13 bytes)
1718336493.803472 sending message 112 to peer 0x587ca6ba3c30 (8 bytes)
1718336493.803479 sending message 112 to peer 0x587ca6ba3c30 (11 bytes)
1718336493.803485 sending message 112 to peer 0x587ca6ba3c30 (11 bytes)
1718336493.803492 sending message 112 to peer 0x587ca6ba3c30 (11 bytes)
1718336493.803499 sending message 112 to peer 0x587ca6ba3c30 (12 bytes)
1718336493.803506 sending message 112 to peer 0x587ca6ba3c30 (12 bytes)
1718336493.803513 sending message 112 to peer 0x587ca6ba3c30 (12 bytes)
1718336493.803520 sending message 112 to peer 0x587ca6ba3c30 (12 bytes)
1718336493.803526 sending message 112 to peer 0x587ca6ba3c30 (13 bytes)
1718336493.803533 sending message 112 to peer 0x587ca6ba3c30 (13 bytes)
1718336493.803540 sending message 112 to peer 0x587ca6ba3c30 (13 bytes)
1718336493.803547 sending message 112 to peer 0x587ca6ba3c30 (8 bytes)
1718336493.803554 sending message 112 to peer 0x587ca6ba3c30 (13 bytes)
1718336493.803561 sending message 112 to peer 0x587ca6ba3c30 (13 bytes)
1718336493.803568 sending message 112 to peer 0x587ca6ba3c30 (13 bytes)
1718336493.803575 sending message 112 to peer 0x587ca6ba3c30 (13 bytes)
1718336493.803582 sending message 112 to peer 0x587ca6ba3c30 (13 bytes)
1718336493.803589 sending message 112 to peer 0x587ca6ba3c30 (12 bytes)
1718336493.803596 sending message 112 to peer 0x587ca6ba3c30 (12 bytes)
1718336493.803603 sending message 112 to peer 0x587ca6ba3c30 (12 bytes)
1718336493.803610 sending message 112 to peer 0x587ca6ba3c30 (12 bytes)
1718336493.803616 sending message 112 to peer 0x587ca6ba3c30 (13 bytes)
1718336493.803623 sending message 112 to peer 0x587ca6ba3c30 (8 bytes)
1718336493.803630 sending message 112 to peer 0x587ca6ba3c30 (13 bytes)
1718336493.803637 sending message 112 to peer 0x587ca6ba3c30 (13 bytes)
1718336493.803644 sending message 112 to peer 0x587ca6ba3c30 (13 bytes)
1718336493.803651 sending message 112 to peer 0x587ca6ba3c30 (13 bytes)
1718336493.803658 sending message 112 to peer 0x587ca6ba3c30 (13 bytes)
1718336493.803665 sending message 112 to peer 0x587ca6ba3c30 (13 bytes)
1718336493.803672 sending message 112 to peer 0x587ca6ba3c30 (13 bytes)
1718336493.803679 sending message 112 to peer 0x587ca6ba3c30 (12 bytes)
1718336493.803686 sending message 112 to peer 0x587ca6ba3c30 (12 bytes)
1718336493.803701 sending message 112 to peer 0x587ca6ba3c30 (12 bytes)
1718336493.803711 sending message 112 to peer 0x587ca6ba3c30 (8 bytes)
1718336493.803718 sending message 112 to peer 0x587ca6ba3c30 (12 bytes)
1718336493.803732 sending message 112 to peer 0x587ca6ba3c30 (13 bytes)
1718336493.803739 sending message 112 to peer 0x587ca6ba3c30 (13 bytes)
1718336493.803746 sending message 112 to peer 0x587ca6ba3c30 (13 bytes)
1718336493.803753 sending message 112 to peer 0x587ca6ba3c30 (13 bytes)
1718336493.803760 sending message 112 to peer 0x587ca6ba3c30 (13 bytes)
1718336493.803767 sending message 112 to peer 0x587ca6ba3c30 (13 bytes)
1718336493.803774 sending message 112 to peer 0x587ca6ba3c30 (13 bytes)
1718336493.803781 sending message 112 to peer 0x587ca6ba3c30 (13 bytes)
1718336493.803788 sending message 112 to peer 0x587ca6ba3c30 (12 bytes)
1718336493.803795 sending message 112 to peer 0x587ca6ba3c30 (10 bytes)
1718336493.803802 sending message 112 to peer 0x587ca6ba3c30 (12 bytes)
1718336493.803809 sending message 112 to peer 0x587ca6ba3c30 (12 bytes)
1718336493.803816 sending message 112 to peer 0x587ca6ba3c30 (12 bytes)
1718336493.803822 sending message 112 to peer 0x587ca6ba3c30 (13 bytes)
1718336493.803829 sending message 112 to peer 0x587ca6ba3c30 (13 bytes)
1718336493.803836 sending message 112 to peer 0x587ca6ba3c30 (13 bytes)
1718336493.803843 sending message 112 to peer 0x587ca6ba3c30 (13 bytes)
1718336493.803850 sending message 112 to peer 0x587ca6ba3c30 (13 bytes)
1718336493.803857 sending message 112 to peer 0x587ca6ba3c30 (13 bytes)
1718336493.803864 sending message 112 to peer 0x587ca6ba3c30 (13 bytes)
1718336493.803871 sending message 112 to peer 0x587ca6ba3c30 (10 bytes)
1718336493.803878 sending message 112 to peer 0x587ca6ba3c30 (13 bytes)
1718336493.803885 sending message 112 to peer 0x587ca6ba3c30 (12 bytes)
1718336493.803892 sending message 112 to peer 0x587ca6ba3c30 (12 bytes)
1718336493.803899 sending message 112 to peer 0x587ca6ba3c30 (12 bytes)
1718336493.803906 sending message 112 to peer 0x587ca6ba3c30 (10 bytes)
1718336493.803913 sending message 112 to peer 0x587ca6ba3c30 (10 bytes)
1718336493.803919 sending message 112 to peer 0x587ca6ba3c30 (10 bytes)
1718336493.803926 sending message 112 to peer 0x587ca6ba3c30 (12 bytes)
1718336493.803933 sending message 112 to peer 0x587ca6ba3c30 (13 bytes)
1718336493.803940 sending message 112 to peer 0x587ca6ba3c30 (13 bytes)
1718336493.803947 sending message 112 to peer 0x587ca6ba3c30 (13 bytes)
1718336493.803954 sending message 112 to peer 0x587ca6ba3c30 (13 bytes)
1718336493.803961 sending message 112 to peer 0x587ca6ba3c30 (13 bytes)
1718336493.803968 sending message 112 to peer 0x587ca6ba3c30 (11 bytes)
1718336493.803975 sending message 112 to peer 0x587ca6ba3c30 (11 bytes)
1718336493.803982 sending message 112 to peer 0x587ca6ba3c30 (12 bytes)
1718336493.803988 sending message 112 to peer 0x587ca6ba3c30 (12 bytes)
1718336493.803995 sending message 112 to peer 0x587ca6ba3c30 (12 bytes)
1718336493.804002 sending message 112 to peer 0x587ca6ba3c30 (12 bytes)
1718336493.804009 sending message 112 to peer 0x587ca6ba3c30 (12 bytes)
1718336493.804016 sending message 112 to peer 0x587ca6ba3c30 (11 bytes)
1718336493.804023 sending message 112 to peer 0x587ca6ba3c30 (12 bytes)
1718336493.804030 sending message 112 to peer 0x587ca6ba3c30 (12 bytes)
1718336493.804037 sending message 112 to peer 0x587ca6ba3c30 (13 bytes)
1718336493.804044 sending message 112 to peer 0x587ca6ba3c30 (13 bytes)
1718336493.804051 sending message 112 to peer 0x587ca6ba3c30 (13 bytes)
1718336493.804057 sending message 112 to peer 0x587ca6ba3c30 (13 bytes)
1718336493.804065 sending message 112 to peer 0x587ca6ba3c30 (13 bytes)
1718336493.804072 sending message 112 to peer 0x587ca6ba3c30 (10 bytes)
1718336493.804079 sending message 112 to peer 0x587ca6ba3c30 (9 bytes)
1718336493.804085 sending message 112 to peer 0x587ca6ba3c30 (12 bytes)
1718336493.804092 sending message 112 to peer 0x587ca6ba3c30 (13 bytes)
1718336493.804099 sending message 112 to peer 0x587ca6ba3c30 (13 bytes)
1718336493.804106 sending message 112 to peer 0x587ca6ba3c30 (13 bytes)
1718336493.804113 sending message 112 to peer 0x587ca6ba3c30 (13 bytes)
1718336493.804120 sending message 112 to peer 0x587ca6ba3c30 (13 bytes)
1718336493.804137 sending message 112 to peer 0x587ca6ba3c30 (9 bytes)
1718336493.804144 sending message 112 to peer 0x587ca6ba3c30 (12 bytes)
1718336493.804151 sending message 112 to peer 0x587ca6ba3c30 (13 bytes)
1718336493.804157 sending message 112 to peer 0x587ca6ba3c30 (13 bytes)
1718336493.804165 sending message 112 to peer 0x587ca6ba3c30 (13 bytes)
1718336493.804172 sending message 112 to peer 0x587ca6ba3c30 (13 bytes)
1718336493.804179 sending message 112 to peer 0x587ca6ba3c30 (13 bytes)
1718336493.804185 sending message 112 to peer 0x587ca6ba3c30 (11 bytes)
1718336493.804192 sending message 112 to peer 0x587ca6ba3c30 (12 bytes)
1718336493.804199 sending message 112 to peer 0x587ca6ba3c30 (13 bytes)
1718336493.804206 sending message 112 to peer 0x587ca6ba3c30 (13 bytes)
1718336493.804213 sending message 112 to peer 0x587ca6ba3c30 (13 bytes)
1718336493.804220 sending message 112 to peer 0x587ca6ba3c30 (13 bytes)
1718336493.804227 sending message 112 to peer 0x587ca6ba3c30 (13 bytes)
1718336493.804234 sending message 112 to peer 0x587ca6ba3c30 (11 bytes)
1718336493.804241 sending message 112 to peer 0x587ca6ba3c30 (12 bytes)
1718336493.804248 sending message 112 to peer 0x587ca6ba3c30 (12 bytes)
1718336493.804255 sending message 112 to peer 0x587ca6ba3c30 (12 bytes)
1718336493.804262 sending message 112 to peer 0x587ca6ba3c30 (12 bytes)
1718336493.804269 sending message 112 to peer 0x587ca6ba3c30 (12 bytes)
1718336493.804276 sending message 112 to peer 0x587ca6ba3c30 (21 bytes)
1718336493.804283 sending message 112 to peer 0x587ca6ba3c30 (12 bytes)
1718336493.804290 sending message 112 to peer 0x587ca6ba3c30 (9 bytes)
1718336493.804297 sending message 112 to peer 0x587ca6ba3c30 (6 bytes)
1718336493.804304 sending message 112 to peer 0x587ca6ba3c30 (13 bytes)
1718336493.804311 sending message 112 to peer 0x587ca6ba3c30 (8 bytes)
1718336493.804318 sending message 112 to peer 0x587ca6ba3c30 (15 bytes)
1718336493.804325 sending message 112 to peer 0x587ca6ba3c30 (13 bytes)
1718336493.804332 sending message 112 to peer 0x587ca6ba3c30 (9 bytes)
1718336493.804339 sending message 112 to peer 0x587ca6ba3c30 (70 bytes)
1718336493.804346 sending message 112 to peer 0x587ca6ba3c30 (69 bytes)
1718336493.804353 sending message 112 to peer 0x587ca6ba3c30 (10 bytes)
1718336493.804360 sending message 112 to peer 0x587ca6ba3c30 (10 bytes)
1718336493.804367 sending message 112 to peer 0x587ca6ba3c30 (8 bytes)
1718336493.804377 sending message 112 to peer 0x587ca6ba3c30 (15 bytes)
1718336493.804387 sending message 112 to peer 0x587ca6ba3c30 (13 bytes)
1718336493.804397 sending message 112 to peer 0x587ca6ba3c30 (10 bytes)
1718336493.804407 sending message 112 to peer 0x587ca6ba3c30 (10 bytes)
1718336493.804417 sending message 112 to peer 0x587ca6ba3c30 (17 bytes)
1718336493.804428 sending message 112 to peer 0x587ca6ba3c30 (10 bytes)
1718336493.804438 sending message 112 to peer 0x587ca6ba3c30 (13 bytes)
1718336493.804448 sending message 112 to peer 0x587ca6ba3c30 (9 bytes)
1718336493.804458 sending message 112 to peer 0x587ca6ba3c30 (5 bytes)
1718336493.804469 sending message 112 to peer 0x587ca6ba3c30 (15 bytes)
1718336493.804480 sending message 104 to peer 0x587ca6ba3c30 (0 bytes)
1718336493.804488 sending message 110 to peer 0x587ca6ba3c30 (0 bytes)
1718336493.804496 sending message 107 to peer 0x587ca6ba3c30 (4 bytes)
1718336493.804503 sending message 105 to peer 0x587ca6ba3c30 (20 bytes)
1718336493.804510 sending message 105 to peer 0x587ca6ba3c30 (54 bytes)
1718336493.804517 sending message 105 to peer 0x587ca6ba3c30 (23 bytes)
1718336493.804524 sending message 105 to peer 0x587ca6ba3c30 (11 bytes)
1718336493.804531 sending message 105 to peer 0x587ca6ba3c30 (18 bytes)
1718336493.804538 sending message 105 to peer 0x587ca6ba3c30 (44 bytes)
1718336493.804546 sending message 105 to peer 0x587ca6ba3c30 (45 bytes)
1718336493.804553 sending message 105 to peer 0x587ca6ba3c30 (23 bytes)
1718336493.804560 sending message 105 to peer 0x587ca6ba3c30 (32 bytes)
1718336493.804568 sending message 105 to peer 0x587ca6ba3c30 (86 bytes)
1718336493.804589 sending message 105 to peer 0x587ca6ba3c30 (30 bytes)
1718336493.804600 sending message 105 to peer 0x587ca6ba3c30 (35 bytes)
1718336493.804610 sending message 105 to peer 0x587ca6ba3c30 (28 bytes)
1718336493.804621 sending message 105 to peer 0x587ca6ba3c30 (16 bytes)
1718336493.804629 sending message 105 to peer 0x587ca6ba3c30 (17 bytes)
1718336493.804640 sending message 105 to peer 0x587ca6ba3c30 (8 bytes)
1718336493.804651 sending message 105 to peer 0x587ca6ba3c30 (13 bytes)
1718336493.804661 sending message 105 to peer 0x587ca6ba3c30 (32 bytes)
1718336493.804672 sending message 105 to peer 0x587ca6ba3c30 (1817 bytes)
1718336493.804706 sending message 105 to peer 0x587ca6ba3c30 (155 bytes)
1718336493.804724 sending message 105 to peer 0x587ca6ba3c30 (51 bytes)
1718336493.804744 sending message 105 to peer 0x587ca6ba3c30 (44 bytes)
1718336493.804767 sending message 105 to peer 0x587ca6ba3c30 (12 bytes)
1718336493.804783 sending message 105 to peer 0x587ca6ba3c30 (11 bytes)
1718336493.804794 sending message 105 to peer 0x587ca6ba3c30 (114 bytes)
1718336493.804804 sending message 105 to peer 0x587ca6ba3c30 (41 bytes)
1718336493.804811 sending message 105 to peer 0x587ca6ba3c30 (19 bytes)
1718336493.804818 sending message 105 to peer 0x587ca6ba3c30 (18 bytes)
1718336493.804825 sending message 105 to peer 0x587ca6ba3c30 (94 bytes)
1718336493.804833 sending message 105 to peer 0x587ca6ba3c30 (19 bytes)
1718336493.804840 sending message 105 to peer 0x587ca6ba3c30 (8 bytes)
1718336493.804847 sending message 105 to peer 0x587ca6ba3c30 (41 bytes)
1718336493.804854 sending message 105 to peer 0x587ca6ba3c30 (22 bytes)
1718336493.804861 sending message 105 to peer 0x587ca6ba3c30 (19 bytes)
1718336493.804868 sending message 105 to peer 0x587ca6ba3c30 (18 bytes)
1718336493.804875 sending message 105 to peer 0x587ca6ba3c30 (25 bytes)
1718336493.804882 sending message 105 to peer 0x587ca6ba3c30 (35 bytes)
1718336493.804890 sending message 105 to peer 0x587ca6ba3c30 (13 bytes)
1718336493.804897 sending message 105 to peer 0x587ca6ba3c30 (10 bytes)
1718336493.804904 sending message 105 to peer 0x587ca6ba3c30 (14 bytes)
1718336493.804912 sending message 105 to peer 0x587ca6ba3c30 (17 bytes)
1718336493.804922 sending message 105 to peer 0x587ca6ba3c30 (26 bytes)
1718336493.804933 sending message 105 to peer 0x587ca6ba3c30 (54 bytes)
1718336493.804941 sending message 105 to peer 0x587ca6ba3c30 (33 bytes)
1718336493.804948 sending message 105 to peer 0x587ca6ba3c30 (67 bytes)
1718336493.804955 sending message 105 to peer 0x587ca6ba3c30 (23 bytes)
1718336493.804962 sending message 105 to peer 0x587ca6ba3c30 (31 bytes)
1718336493.804969 sending message 105 to peer 0x587ca6ba3c30 (23 bytes)
1718336493.804976 sending message 105 to peer 0x587ca6ba3c30 (27 bytes)
1718336493.804983 sending message 105 to peer 0x587ca6ba3c30 (25 bytes)
1718336493.804990 sending message 105 to peer 0x587ca6ba3c30 (20 bytes)
1718336493.804997 sending message 105 to peer 0x587ca6ba3c30 (26 bytes)
1718336493.805004 sending message 105 to peer 0x587ca6ba3c30 (16 bytes)
1718336493.805011 sending message 105 to peer 0x587ca6ba3c30 (24 bytes)
1718336493.805018 sending message 105 to peer 0x587ca6ba3c30 (20 bytes)
1718336493.805025 sending message 105 to peer 0x587ca6ba3c30 (10 bytes)
1718336493.805032 sending message 106 to peer 0x587ca6ba3c30 (0 bytes)
1718336493.805099 sending message 200 to peer 0x587ca6ba3c30 (4 bytes)
1718336493.805109 client loop enter
1718336493.805791 peer 0x587ca6ba3c30 message 303
1718336493.805807 open write file 2 -
1718336493.805820 sending message 305 to peer 0x587ca6ba3c30 (8 bytes)
1718336493.805833 write check file 2
1718336493.806288 peer 0x587ca6ba3c30 message 304
1718336493.806297 write 58 to file 2
1718336493.806304 peer 0x587ca6ba3c30 message 203
1718336493.806312 file 2 58 bytes left
1718336493.806329 write check file 2
1718336493.806336 client loop exit
